-------------------------------------------------------------------------------
Test set: br.com.conecta.afya.DAdicionarDadosBancarios.Test.DAdicionarDadosBancariosTest
-------------------------------------------------------------------------------
Tests run: 1, Failures: 0, Errors: 1, Skipped: 0, Time elapsed: 0.052 sec <<< FAILURE!
Adicionar uma conta Bancaria(Informar os Dados Bancarios)  Time elapsed: 0.023 sec  <<< ERROR!
io.cucumber.junit.UndefinedStepException: The step 'que eu esteja logado e que ja tenha enviado os documentos para admissao' and 14 other step(s) are undefined.
You can implement these steps using the snippet(s) below:

@Dado("que eu esteja logado e que ja tenha enviado os documentos para admissao")
public void que_eu_esteja_logado_e_que_ja_tenha_enviado_os_documentos_para_admissao(io.cucumber.datatable.DataTable dataTable) {
    // Write code here that turns the phrase above into concrete actions
    // For automatic transformation, change DataTable to one of
    // E, List<E>, List<List<E>>, List<Map<K,V>>, Map<K,V> or
    // Map<K, List<V>>. E,K,V must be a String, Integer, Float,
    // Double, Byte, Short, Long, BigInteger or BigDecimal.
    //
    // For other transformations you can register a DataTableType.
    throw new io.cucumber.java.PendingException();
}
@Entao("o app apresenta a tela para iniciar as informacoes dos dados Bancarios")
public void o_app_apresenta_a_tela_para_iniciar_as_informacoes_dos_dados_bancarios() {
    // Write code here that turns the phrase above into concrete actions
    throw new io.cucumber.java.PendingException();
}
@Quando("aciono o comando para comecar")
public void aciono_o_comando_para_comecar() {
    // Write code here that turns the phrase above into concrete actions
    throw new io.cucumber.java.PendingException();
}
@Entao("o app apresenta a tela para colocar uma conta bancaria")
public void o_app_apresenta_a_tela_para_colocar_uma_conta_bancaria() {
    // Write code here that turns the phrase above into concrete actions
    throw new io.cucumber.java.PendingException();
}
@Entao("aciono o comando Adicionar Conta")
public void aciono_o_comando_adicionar_conta() {
    // Write code here that turns the phrase above into concrete actions
    throw new io.cucumber.java.PendingException();
}
@Entao("o app apresenta a tela para informar o banco")
public void o_app_apresenta_a_tela_para_informar_o_banco() {
    // Write code here that turns the phrase above into concrete actions
    throw new io.cucumber.java.PendingException();
}
@Entao("preencho o nome do banco {string} e aciono avancar")
public void preencho_o_nome_do_banco_e_aciono_avancar(String string) {
    // Write code here that turns the phrase above into concrete actions
    throw new io.cucumber.java.PendingException();
}
@Entao("o app apresenta a tela para informar a agencia")
public void o_app_apresenta_a_tela_para_informar_a_agencia() {
    // Write code here that turns the phrase above into concrete actions
    throw new io.cucumber.java.PendingException();
}
@Entao("preencho o nome da agencia {string} e aciono avancar")
public void preencho_o_nome_da_agencia_e_aciono_avancar(String string) {
    // Write code here that turns the phrase above into concrete actions
    throw new io.cucumber.java.PendingException();
}
@Entao("o app apresenta a tela para informar a Conta")
public void o_app_apresenta_a_tela_para_informar_a_conta() {
    // Write code here that turns the phrase above into concrete actions
    throw new io.cucumber.java.PendingException();
}
@Entao("preencho a Conta {string} e aciono finalizar")
public void preencho_a_conta_e_aciono_finalizar(String string) {
    // Write code here that turns the phrase above into concrete actions
    throw new io.cucumber.java.PendingException();
}
@Entao("o app apresenta a tela para anexar o comprovante de conta")
public void o_app_apresenta_a_tela_para_anexar_o_comprovante_de_conta() {
    // Write code here that turns the phrase above into concrete actions
    throw new io.cucumber.java.PendingException();
}
@Entao("aciono o comando para anexar o comprovante de conta")
public void aciono_o_comando_para_anexar_o_comprovante_de_conta() {
    // Write code here that turns the phrase above into concrete actions
    throw new io.cucumber.java.PendingException();
}
@Entao("seleciono o arquivo e aciono o comando enviar o arquivo")
public void seleciono_o_arquivo_e_aciono_o_comando_enviar_o_arquivo() {
    // Write code here that turns the phrase above into concrete actions
    throw new io.cucumber.java.PendingException();
}
@Entao("o app apresenta a tela de sucesso com os dados bancarios cadastrados")
public void o_app_apresenta_a_tela_de_sucesso_com_os_dados_bancarios_cadastrados() {
    // Write code here that turns the phrase above into concrete actions
    throw new io.cucumber.java.PendingException();
}


