-------------------------------------------------------------------------------
Test set: br.com.conecta.afya.CEnviarDocumentosDeAdmissao.test.CEnviarDocumentosDeAdmissaoTest
-------------------------------------------------------------------------------
Tests run: 1, Failures: 0, Errors: 1, Skipped: 0, Time elapsed: 225.376 sec <<< FAILURE!
Enviar documentos com sucesso(Enviar Documentos para Admimissao)  Time elapsed: 225.293 sec  <<< ERROR!
org.openqa.selenium.InvalidElementStateException: Drag from [x=384.0, y=710.0] to [x=384.0, y=118.0] did not complete successfully
Build info: version: '3.141.59', revision: 'e82be7d358', time: '2018-11-14T08:17:03'
System info: host: '1RCMJC2', ip: '192.168.100.155', os.name: 'Windows 10', os.arch: 'amd64', os.version: '10.0', java.version: '1.8.0_202'
Driver info: io.appium.java_client.android.AndroidDriver
Capabilities {app: C:\Users\DELL\workspace\Con..., appPackage: com.afya.conecta.app, autoGrantPermissions: true, automationName: uiautomator2, databaseEnabled: false, desired: {app: C:\Users\DELL\workspace\Con..., autoGrantPermissions: true, automationName: uiautomator2, deviceName: Nexus_4_API_30, platformName: android, platformVersion: 11.0, udid: emulator-5554}, deviceApiLevel: 30, deviceManufacturer: unknown, deviceModel: Android SDK built for x86, deviceName: emulator-5554, deviceScreenDensity: 320, deviceScreenSize: 768x1280, deviceUDID: emulator-5554, javascriptEnabled: true, locationContextEnabled: false, networkConnectionEnabled: true, pixelRatio: 2, platform: LINUX, platformName: Android, platformVersion: 11, statBarHeight: 48, takesScreenshot: true, udid: emulator-5554, viewportRect: {height: 1136, left: 0, top: 48, width: 768}, warnings: {}, webStorageEnabled: false}
Session ID: 4e6811fb-911e-481c-98e5-bda7fbae1d24
	at sun.reflect.NativeConstructorAccessorImpl.newInstance0(Native Method)
	at sun.reflect.NativeConstructorAccessorImpl.newInstance(NativeConstructorAccessorImpl.java:62)
	at sun.reflect.DelegatingConstructorAccessorImpl.newInstance(DelegatingConstructorAccessorImpl.java:45)
	at java.lang.reflect.Constructor.newInstance(Constructor.java:423)
	at org.openqa.selenium.remote.http.W3CHttpResponseCodec.createException(W3CHttpResponseCodec.java:187)
	at org.openqa.selenium.remote.http.W3CHttpResponseCodec.decode(W3CHttpResponseCodec.java:122)
	at org.openqa.selenium.remote.http.W3CHttpResponseCodec.decode(W3CHttpResponseCodec.java:49)
	at org.openqa.selenium.remote.HttpCommandExecutor.execute(HttpCommandExecutor.java:158)
	at io.appium.java_client.remote.AppiumCommandExecutor.execute(AppiumCommandExecutor.java:239)
	at org.openqa.selenium.remote.RemoteWebDriver.execute(RemoteWebDriver.java:552)
	at io.appium.java_client.DefaultGenericMobileDriver.execute(DefaultGenericMobileDriver.java:41)
	at io.appium.java_client.AppiumDriver.execute(AppiumDriver.java:1)
	at io.appium.java_client.android.AndroidDriver.execute(AndroidDriver.java:1)
	at io.appium.java_client.PerformsTouchActions.performTouchAction(PerformsTouchActions.java:41)
	at io.appium.java_client.TouchAction.perform(TouchAction.java:187)
	at br.com.conecta.afya.core.BasePage.scroll(BasePage.java:263)
	at br.com.conecta.afya.page.EnviarDocumentacaoPage.descerTela(EnviarDocumentacaoPage.java:15)
	at br.com.conecta.afya.EnviarDocumentosDeAdmissao.steps.EnviarDocumentosDeAdmissaoStep.seleciono_a_segunda_pagina_para_anexar(EnviarDocumentosDeAdmissaoStep.java:561)
	at ?.seleciono a segunda pagina para anexar(file:///C:/Users/DELL/workspace/ConectaAfyaAuto/src/test/resources/features/EnviarDocumentosDeAdmissao.feature:85)

